$ bun --watch src/index.ts
🦊 Elysia is running at localhost:8005
Iniciando o processo de registro de presenças...
{
  request: Request (0 KB) {
    method: "POST",
    url: "http://127.0.0.1:8005/presencas/",
    headers: Headers {
      "content-type": "application/json",
      "user-agent": "PostmanRuntime/7.43.0",
      "accept": "*/*",
      "cache-control": "no-cache",
      "host": "127.0.0.1:8005",
      "accept-encoding": "gzip, deflate, br",
      "connection": "keep-alive",
      "content-length": "60",
      "postman-token": "a2e07aaf-1a65-4d92-b4d3-03a06b6b6d54",
    }
  },
  store: {},
  qi: -1,
  path: "/presencas/",
  url: "http://127.0.0.1:8005/presencas/",
  redirect: [Function: redirect],
  set: {
    headers: {},
    status: 200,
  },
  error: [Function: error],
  route: "/presencas",
  body: {
    ref_pessoas: [ "3" ],
    ref_inscricoes: [ "1" ],
  },
}
Registrando presença para pessoa 3 e inscrição 1
Iniciando o processo de registro de presenças...
{
  request: Request (0 KB) {
    method: "POST",
    url: "http://127.0.0.1:8005/presencas/",
    headers: Headers {
      "host": "127.0.0.1:8005",
      "accept": "application/json, application/json",
      "content-type": "application/json, application/json",
      "user-agent": "GuzzleHttp/7",
      "content-length": "42",
    }
  },
  store: {},
  qi: -1,
  path: "/presencas/",
  url: "http://127.0.0.1:8005/presencas/",
  redirect: [Function: redirect],
  set: {
    headers: {},
    status: 200,
  },
  error: [Function: error],
  route: "/presencas",
}
Erro ao salvar presença: 26 |         .post('/presencas', async ( data ) => {
27 |             try {
28 |                 console.log("Iniciando o processo de registro de presenças..."); // Adicionando log para depuração
29 |                 console.log(data);
30 | 
31 |                 const { ref_pessoas, ref_inscricoes } = data.body as Presencas;
                                                             ^
TypeError: Right side of assignment cannot be destructured
      at C:\Users\Gustavo\univates\24b\arquitetura_software\arq-soft-task-final\presencas\src\routes\presencas.ts:31:57
      at C:\Users\Gustavo\univates\24b\arquitetura_software\arq-soft-task-final\presencas\src\routes\presencas.ts:26:37
      at handle (47:32)
      at map (84:26)

Iniciando o processo de registro de presenças...
{
  request: Request (0 KB) {
    method: "POST",
    url: "http://127.0.0.1:8005/presencas/",
    headers: Headers {
      "content-type": "application/json",
      "user-agent": "PostmanRuntime/7.43.0",
      "accept": "*/*",
      "cache-control": "no-cache",
      "host": "127.0.0.1:8005",
      "accept-encoding": "gzip, deflate, br",
      "connection": "keep-alive",
      "content-length": "60",
      "postman-token": "f0e3e55c-4f31-4a85-8e2b-f8c9131770ab",
    }
  },
  store: {},
  qi: -1,
  path: "/presencas/",
  url: "http://127.0.0.1:8005/presencas/",
  redirect: [Function: redirect],
  set: {
    headers: {},
    status: 200,
  },
  error: [Function: error],
  route: "/presencas",
  body: {
    ref_pessoas: [ "3" ],
    ref_inscricoes: [ "1" ],
  },
}
Registrando presença para pessoa 3 e inscrição 1
Iniciando o processo de registro de presenças...
{
  request: Request (0 KB) {
    method: "POST",
    url: "http://127.0.0.1:8005/presencas/",
    headers: Headers {
      "host": "127.0.0.1:8005",
      "accept": "application/json, application/json",
      "content-type": "application/json, application/json",
      "user-agent": "GuzzleHttp/7",
      "content-length": "48",
    }
  },
  store: {},
  qi: -1,
  path: "/presencas/",
  url: "http://127.0.0.1:8005/presencas/",
  redirect: [Function: redirect],
  set: {
    headers: {},
    status: 200,
  },
  error: [Function: error],
  route: "/presencas",
}
Erro ao salvar presença: 26 |         .post('/presencas', async ( data ) => {
27 |             try {
28 |                 console.log("Iniciando o processo de registro de presenças..."); // Adicionando log para depuração
29 |                 console.log(data);
30 | 
31 |                 const { ref_pessoas, ref_inscricoes } = data.body as Presencas;
                                                             ^
TypeError: Right side of assignment cannot be destructured
      at C:\Users\Gustavo\univates\24b\arquitetura_software\arq-soft-task-final\presencas\src\routes\presencas.ts:31:57
      at C:\Users\Gustavo\univates\24b\arquitetura_software\arq-soft-task-final\presencas\src\routes\presencas.ts:26:37
      at handle (47:32)
      at map (84:26)

Iniciando o processo de registro de presenças...
{
  request: Request (0 KB) {
    method: "POST",
    url: "http://127.0.0.1:8005/presencas/",
    headers: Headers {
      "host": "127.0.0.1:8005",
      "accept": "application/json, application/json",
      "content-type": "application/json, application/json",
      "user-agent": "GuzzleHttp/7",
      "content-length": "42",
    }
  },
  store: {},
  qi: -1,
  path: "/presencas/",
  url: "http://127.0.0.1:8005/presencas/",
  redirect: [Function: redirect],
  set: {
    headers: {},
    status: 200,
  },
  error: [Function: error],
  route: "/presencas",
}
Erro ao salvar presença: 26 |         .post('/presencas', async ( data ) => {
27 |             try {
28 |                 console.log("Iniciando o processo de registro de presenças..."); // Adicionando log para depuração
29 |                 console.log(data);
30 | 
31 |                 const { ref_pessoas, ref_inscricoes } = data.body as Presencas;
                                                             ^
TypeError: Right side of assignment cannot be destructured
      at C:\Users\Gustavo\univates\24b\arquitetura_software\arq-soft-task-final\presencas\src\routes\presencas.ts:31:57
      at C:\Users\Gustavo\univates\24b\arquitetura_software\arq-soft-task-final\presencas\src\routes\presencas.ts:26:37
      at handle (47:32)
      at map (84:26)

Iniciando o processo de registro de presenças...
{
  request: Request (0 KB) {
    method: "POST",
    url: "http://127.0.0.1:8005/presencas/",
    headers: Headers {
      "host": "127.0.0.1:8005",
      "accept": "application/json, application/json",
      "content-type": "application/json, application/json",
      "user-agent": "GuzzleHttp/7",
      "content-length": "42",
    }
  },
  store: {},
  qi: -1,
  path: "/presencas/",
  url: "http://127.0.0.1:8005/presencas/",
  redirect: [Function: redirect],
  set: {
    headers: {},
    status: 200,
  },
  error: [Function: error],
  route: "/presencas",
}
Erro ao salvar presença: 26 |         .post('/presencas', async ( data ) => {
27 |             try {
28 |                 console.log("Iniciando o processo de registro de presenças..."); // Adicionando log para depuração
29 |                 console.log(data);
30 | 
31 |                 const { ref_pessoas, ref_inscricoes } = data.body as Presencas;
                                                             ^
TypeError: Right side of assignment cannot be destructured
      at C:\Users\Gustavo\univates\24b\arquitetura_software\arq-soft-task-final\presencas\src\routes\presencas.ts:31:57
      at C:\Users\Gustavo\univates\24b\arquitetura_software\arq-soft-task-final\presencas\src\routes\presencas.ts:26:37
      at handle (47:32)
      at map (84:26)

Iniciando o processo de registro de presenças...
{
  request: Request (0 KB) {
    method: "POST",
    url: "http://127.0.0.1:8005/presencas/",
    headers: Headers {
      "host": "127.0.0.1:8005",
      "accept": "application/json, application/json",
      "content-type": "application/json, application/json",
      "user-agent": "GuzzleHttp/7",
      "content-length": "51",
    }
  },
  store: {},
  qi: -1,
  path: "/presencas/",
  url: "http://127.0.0.1:8005/presencas/",
  redirect: [Function: redirect],
  set: {
    headers: {},
    status: 200,
  },
  error: [Function: error],
  route: "/presencas",
}
Erro ao salvar presença: 26 |         .post('/presencas', async ( data ) => {
27 |             try {
28 |                 console.log("Iniciando o processo de registro de presenças..."); // Adicionando log para depuração
29 |                 console.log(data);
30 | 
31 |                 const { ref_pessoas, ref_inscricoes } = data.body as Presencas;
                                                             ^
TypeError: Right side of assignment cannot be destructured
      at C:\Users\Gustavo\univates\24b\arquitetura_software\arq-soft-task-final\presencas\src\routes\presencas.ts:31:57
      at C:\Users\Gustavo\univates\24b\arquitetura_software\arq-soft-task-final\presencas\src\routes\presencas.ts:26:37
      at handle (47:32)
      at map (84:26)

Iniciando o processo de registro de presenças...
{
  request: Request (0 KB) {
    method: "POST",
    url: "http://127.0.0.1:8005/presencas/",
    headers: Headers {
      "host": "127.0.0.1:8005",
      "accept": "application/json, application/json",
      "content-type": "application/json, application/json",
      "user-agent": "GuzzleHttp/7",
      "content-length": "56",
    }
  },
  store: {},
  qi: -1,
  path: "/presencas/",
  url: "http://127.0.0.1:8005/presencas/",
  redirect: [Function: redirect],
  set: {
    headers: {},
    status: 200,
  },
  error: [Function: error],
  route: "/presencas",
}
Erro ao salvar presença: 26 |         .post('/presencas', async ( data ) => {
27 |             try {
28 |                 console.log("Iniciando o processo de registro de presenças..."); // Adicionando log para depuração
29 |                 console.log(data);
30 | 
31 |                 const { ref_pessoas, ref_inscricoes } = data.body as Presencas;
                                                             ^
TypeError: Right side of assignment cannot be destructured
      at C:\Users\Gustavo\univates\24b\arquitetura_software\arq-soft-task-final\presencas\src\routes\presencas.ts:31:57
      at C:\Users\Gustavo\univates\24b\arquitetura_software\arq-soft-task-final\presencas\src\routes\presencas.ts:26:37
      at handle (47:32)
      at map (84:26)

Iniciando o processo de registro de presenças...
{
  request: Request (0 KB) {
    method: "POST",
    url: "http://127.0.0.1:8005/presencas/",
    headers: Headers {
      "host": "127.0.0.1:8005",
      "accept": "application/json, application/json",
      "content-type": "application/json, application/json",
      "user-agent": "GuzzleHttp/7",
      "content-length": "56",
    }
  },
  store: {},
  qi: -1,
  path: "/presencas/",
  url: "http://127.0.0.1:8005/presencas/",
  redirect: [Function: redirect],
  set: {
    headers: {},
    status: 200,
  },
  error: [Function: error],
  route: "/presencas",
}
Erro ao salvar presença: 26 |         .post('/presencas', async ( data ) => {
27 |             try {
28 |                 console.log("Iniciando o processo de registro de presenças..."); // Adicionando log para depuração
29 |                 console.log(data);
30 | 
31 |                 const { ref_pessoas, ref_inscricoes } = data.body as Presencas;
                                                             ^
TypeError: Right side of assignment cannot be destructured
      at C:\Users\Gustavo\univates\24b\arquitetura_software\arq-soft-task-final\presencas\src\routes\presencas.ts:31:57
      at C:\Users\Gustavo\univates\24b\arquitetura_software\arq-soft-task-final\presencas\src\routes\presencas.ts:26:37
      at handle (47:32)
      at map (84:26)

Iniciando o processo de registro de presenças...
{
  request: Request (0 KB) {
    method: "POST",
    url: "http://127.0.0.1:8005/presencas/",
    headers: Headers {
      "host": "127.0.0.1:8005",
      "accept": "application/json, application/json",
      "content-type": "application/json, application/json",
      "user-agent": "GuzzleHttp/7",
      "content-length": "56",
    }
  },
  store: {},
  qi: -1,
  path: "/presencas/",
  url: "http://127.0.0.1:8005/presencas/",
  redirect: [Function: redirect],
  set: {
    headers: {},
    status: 200,
  },
  error: [Function: error],
  route: "/presencas",
}
Erro ao salvar presença: 26 |         .post('/presencas', async ( data ) => {
27 |             try {
28 |                 console.log("Iniciando o processo de registro de presenças..."); // Adicionando log para depuração
29 |                 console.log(data);
30 | 
31 |                 const { ref_pessoas, ref_inscricoes } = data.body as Presencas;
                                                             ^
TypeError: Right side of assignment cannot be destructured
      at C:\Users\Gustavo\univates\24b\arquitetura_software\arq-soft-task-final\presencas\src\routes\presencas.ts:31:57
      at C:\Users\Gustavo\univates\24b\arquitetura_software\arq-soft-task-final\presencas\src\routes\presencas.ts:26:37
      at handle (47:32)
      at map (84:26)

Iniciando o processo de registro de presenças...
{
  request: Request (0 KB) {
    method: "POST",
    url: "http://127.0.0.1:8005/presencas/",
    headers: Headers {
      "content-type": "application/json",
      "user-agent": "PostmanRuntime/7.43.0",
      "accept": "*/*",
      "cache-control": "no-cache",
      "host": "127.0.0.1:8005",
      "accept-encoding": "gzip, deflate, br",
      "connection": "keep-alive",
      "content-length": "60",
      "postman-token": "b7726276-0313-4eb1-9f14-55d20f0df8db",
    }
  },
  store: {},
  qi: -1,
  path: "/presencas/",
  url: "http://127.0.0.1:8005/presencas/",
  redirect: [Function: redirect],
  set: {
    headers: {},
    status: 200,
  },
  error: [Function: error],
  route: "/presencas",
  body: {
    ref_pessoas: [ "3" ],
    ref_inscricoes: [ "1" ],
  },
}
Registrando presença para pessoa 3 e inscrição 1
Iniciando o processo de registro de presenças...
{
  request: Request (0 KB) {
    method: "POST",
    url: "http://127.0.0.1:8005/presencas/",
    headers: Headers {
      "host": "127.0.0.1:8005",
      "accept": "application/json, */*",
      "content-type": "application/json, application/json",
      "user-agent": "GuzzleHttp/7",
      "connection": "keep-alive",
      "accept-encoding": "gzip, deflate, br",
      "content-length": "42",
    }
  },
  store: {},
  qi: -1,
  path: "/presencas/",
  url: "http://127.0.0.1:8005/presencas/",
  redirect: [Function: redirect],
  set: {
    headers: {},
    status: 200,
  },
  error: [Function: error],
  route: "/presencas",
}
Erro ao salvar presença: 26 |         .post('/presencas', async ( data ) => {
27 |             try {
28 |                 console.log("Iniciando o processo de registro de presenças..."); // Adicionando log para depuração
29 |                 console.log(data);
30 | 
31 |                 const { ref_pessoas, ref_inscricoes } = data.body as Presencas;
                                                             ^
TypeError: Right side of assignment cannot be destructured
      at C:\Users\Gustavo\univates\24b\arquitetura_software\arq-soft-task-final\presencas\src\routes\presencas.ts:31:57
      at C:\Users\Gustavo\univates\24b\arquitetura_software\arq-soft-task-final\presencas\src\routes\presencas.ts:26:37
      at handle (47:32)
      at map (84:26)

Iniciando o processo de registro de presenças...
{
  request: Request (0 KB) {
    method: "POST",
    url: "http://127.0.0.1:8005/presencas/",
    headers: Headers {
      "host": "127.0.0.1:8005",
      "content-type": "application/json, application/json",
      "user-agent": "GuzzleHttp/7",
      "accept": "*/*",
      "connection": "keep-alive",
      "accept-encoding": "gzip, deflate, br",
      "content-length": "42",
    }
  },
  store: {},
  qi: -1,
  path: "/presencas/",
  url: "http://127.0.0.1:8005/presencas/",
  redirect: [Function: redirect],
  set: {
    headers: {},
    status: 200,
  },
  error: [Function: error],
  route: "/presencas",
}
Erro ao salvar presença: 26 |         .post('/presencas', async ( data ) => {
27 |             try {
28 |                 console.log("Iniciando o processo de registro de presenças..."); // Adicionando log para depuração
29 |                 console.log(data);
30 | 
31 |                 const { ref_pessoas, ref_inscricoes } = data.body as Presencas;
                                                             ^
TypeError: Right side of assignment cannot be destructured
      at C:\Users\Gustavo\univates\24b\arquitetura_software\arq-soft-task-final\presencas\src\routes\presencas.ts:31:57
      at C:\Users\Gustavo\univates\24b\arquitetura_software\arq-soft-task-final\presencas\src\routes\presencas.ts:26:37
      at handle (47:32)
      at map (84:26)

Iniciando o processo de registro de presenças...
{
  request: Request (0 KB) {
    method: "POST",
    url: "http://127.0.0.1:8005/presencas/",
    headers: Headers {
      "host": "127.0.0.1:8005",
      "content-type": "application/json, application/json",
      "user-agent": "GuzzleHttp/7",
      "accept": "*/*",
      "connection": "keep-alive",
      "accept-encoding": "gzip, deflate, br",
      "content-length": "42",
    }
  },
  store: {},
  qi: -1,
  path: "/presencas/",
  url: "http://127.0.0.1:8005/presencas/",
  redirect: [Function: redirect],
  set: {
    headers: {},
    status: 200,
  },
  error: [Function: error],
  route: "/presencas",
}
Erro ao salvar presença: 26 |         .post('/presencas', async ( data ) => {
27 |             try {
28 |                 console.log("Iniciando o processo de registro de presenças..."); // Adicionando log para depuração
29 |                 console.log(data);
30 | 
31 |                 const { ref_pessoas, ref_inscricoes } = data.body as Presencas;
                                                             ^
TypeError: Right side of assignment cannot be destructured
      at C:\Users\Gustavo\univates\24b\arquitetura_software\arq-soft-task-final\presencas\src\routes\presencas.ts:31:57
      at C:\Users\Gustavo\univates\24b\arquitetura_software\arq-soft-task-final\presencas\src\routes\presencas.ts:26:37
      at handle (47:32)
      at map (84:26)

Iniciando o processo de registro de presenças...
{
  request: Request (0 KB) {
    method: "POST",
    url: "http://127.0.0.1:8005/presencas/",
    headers: Headers {
      "host": "127.0.0.1:8005",
      "accept": "application/json, application/json",
      "content-type": "application/json, application/json",
      "user-agent": "GuzzleHttp/7",
      "content-length": "42",
    }
  },
  store: {},
  qi: -1,
  path: "/presencas/",
  url: "http://127.0.0.1:8005/presencas/",
  redirect: [Function: redirect],
  set: {
    headers: {},
    status: 200,
  },
  error: [Function: error],
  route: "/presencas",
}
Erro ao salvar presença: 26 |         .post('/presencas', async ( data ) => {
27 |             try {
28 |                 console.log("Iniciando o processo de registro de presenças..."); // Adicionando log para depuração
29 |                 console.log(data);
30 | 
31 |                 const { ref_pessoas, ref_inscricoes } = data.body as Presencas;
                                                             ^
TypeError: Right side of assignment cannot be destructured
      at C:\Users\Gustavo\univates\24b\arquitetura_software\arq-soft-task-final\presencas\src\routes\presencas.ts:31:57
      at C:\Users\Gustavo\univates\24b\arquitetura_software\arq-soft-task-final\presencas\src\routes\presencas.ts:26:37
      at handle (47:32)
      at map (84:26)

🦊 Elysia is running at localhost:8005
🦊 Elysia is running at localhost:8005
Iniciando o processo de registro de presenças...
{
  request: Request (0 KB) {
    method: "POST",
    url: "http://127.0.0.1:8005/presencas/",
    headers: Headers {
      "host": "127.0.0.1:8005",
      "accept": "application/json, application/json",
      "content-type": "application/json, application/json",
      "user-agent": "GuzzleHttp/7",
      "content-length": "52",
    }
  },
  store: {},
  qi: -1,
  path: "/presencas/",
  url: "http://127.0.0.1:8005/presencas/",
  redirect: [Function: redirect],
  set: {
    headers: {},
    status: 200,
  },
  error: [Function: error],
  route: "/presencas",
}
Erro ao salvar presença: 26 |         .post('/presencas', async ( data ) => {
27 |             try {
28 |                 console.log("Iniciando o processo de registro de presenças..."); // Adicionando log para depuração
29 |                 console.log(data);
30 | 
31 |                 const { ref_pessoas, ref_inscricoes } = data.body as Presencas;
                                                             ^
TypeError: Right side of assignment cannot be destructured
      at C:\Users\Gustavo\univates\24b\arquitetura_software\arq-soft-task-final\presencas\src\routes\presencas.ts:31:57
      at C:\Users\Gustavo\univates\24b\arquitetura_software\arq-soft-task-final\presencas\src\routes\presencas.ts:26:37
      at handle (47:32)
      at map (84:26)

Iniciando o processo de registro de presenças...
{
  request: Request (0 KB) {
    method: "POST",
    url: "http://127.0.0.1:8005/presencas/",
    headers: Headers {
      "content-type": "application/json",
      "user-agent": "PostmanRuntime/7.43.0",
      "accept": "*/*",
      "cache-control": "no-cache",
      "host": "127.0.0.1:8005",
      "accept-encoding": "gzip, deflate, br",
      "connection": "keep-alive",
      "content-length": "60",
      "postman-token": "b085147c-d7cd-486e-9f69-96c12cef8cab",
    }
  },
  store: {},
  qi: -1,
  path: "/presencas/",
  url: "http://127.0.0.1:8005/presencas/",
  redirect: [Function: redirect],
  set: {
    headers: {},
    status: 200,
  },
  error: [Function: error],
  route: "/presencas",
  body: {
    ref_pessoas: [ "3" ],
    ref_inscricoes: [ "1" ],
  },
}
Registrando presença para pessoa 3 e inscrição 1
🦊 Elysia is running at localhost:8005
Iniciando o processo de registro de presenças...
Request (0 KB) {
  method: "POST",
  url: "http://127.0.0.1:8005/presencas/",
  headers: Headers {
    "host": "127.0.0.1:8005",
    "accept": "application/json, application/json",
    "content-type": "application/json, application/json",
    "user-agent": "GuzzleHttp/7",
    "content-length": "52",
  }
}
Erro ao salvar presença: 26 |         .post('/presencas', async ( data ) => {
27 |             try {
28 |                 console.log("Iniciando o processo de registro de presenças..."); // Adicionando log para depuração
29 |                 console.log(data.request);
30 | 
31 |                 const { ref_pessoas, ref_inscricoes } = data.body as Presencas;
                                                             ^
TypeError: Right side of assignment cannot be destructured
      at C:\Users\Gustavo\univates\24b\arquitetura_software\arq-soft-task-final\presencas\src\routes\presencas.ts:31:57
      at C:\Users\Gustavo\univates\24b\arquitetura_software\arq-soft-task-final\presencas\src\routes\presencas.ts:26:37
      at handle (47:32)
      at map (84:26)

Iniciando o processo de registro de presenças...
Request (0 KB) {
  method: "POST",
  url: "http://127.0.0.1:8005/presencas/",
  headers: Headers {
    "host": "127.0.0.1:8005",
    "accept": "application/json, application/json",
    "content-type": "application/json, application/json",
    "user-agent": "GuzzleHttp/7",
    "content-length": "42",
  }
}
Erro ao salvar presença: 26 |         .post('/presencas', async ( data ) => {
27 |             try {
28 |                 console.log("Iniciando o processo de registro de presenças..."); // Adicionando log para depuração
29 |                 console.log(data.request);
30 | 
31 |                 const { ref_pessoas, ref_inscricoes } = data.body as Presencas;
                                                             ^
TypeError: Right side of assignment cannot be destructured
      at C:\Users\Gustavo\univates\24b\arquitetura_software\arq-soft-task-final\presencas\src\routes\presencas.ts:31:57
      at C:\Users\Gustavo\univates\24b\arquitetura_software\arq-soft-task-final\presencas\src\routes\presencas.ts:26:37
      at handle (47:32)
      at map (84:26)

Iniciando o processo de registro de presenças...
Request (0 KB) {
  method: "POST",
  url: "http://127.0.0.1:8005/presencas/",
  headers: Headers {
    "content-type": "application/json",
    "user-agent": "PostmanRuntime/7.43.0",
    "accept": "*/*",
    "cache-control": "no-cache",
    "host": "127.0.0.1:8005",
    "accept-encoding": "gzip, deflate, br",
    "connection": "keep-alive",
    "content-length": "60",
    "postman-token": "ce55bab1-1c72-4dbd-9ee0-3d319f58a328",
  }
}
Registrando presença para pessoa 3 e inscrição 1
🦊 Elysia is running at localhost:8005
undefined
undefined
🦊 Elysia is running at localhost:8005
{
  request: Request (0 KB) {
    method: "POST",
    url: "http://127.0.0.1:8005/presencas/verificar-presenca",
    headers: Headers {
      "host": "127.0.0.1:8005",
      "accept": "application/json, application/json",
      "content-type": "application/json, application/json",
      "user-agent": "GuzzleHttp/7",
      "content-length": "14",
    }
  },
  store: {},
  qi: -1,
  path: "/presencas/verificar-presenca",
  url: "http://127.0.0.1:8005/presencas/verificar-presenca",
  redirect: [Function: redirect],
  set: {
    headers: {},
    status: 200,
    cookie: {},
  },
  error: [Function: error],
  server: [Getter],
  headers: {
    host: "127.0.0.1:8005",
    accept: "application/json, application/json",
    "content-type": "application/json, application/json",
    "user-agent": "GuzzleHttp/7",
    "content-length": "14",
  },
  cookie: {},
  query: {},
  route: "/presencas/verificar-presenca",
}
{
  request: Request (0 KB) {
    method: "POST",
    url: "http://127.0.0.1:8005/presencas/verificar-presenca",
    headers: Headers {
      "host": "127.0.0.1:8005",
      "accept": "application/json, application/json",
      "content-type": "application/json, application/json",
      "user-agent": "GuzzleHttp/7",
      "content-length": "14",
    }
  },
  store: {},
  qi: -1,
  path: "/presencas/verificar-presenca",
  url: "http://127.0.0.1:8005/presencas/verificar-presenca",
  redirect: [Function: redirect],
  set: {
    headers: {},
    status: 200,
    cookie: {},
  },
  error: [Function: error],
  server: [Getter],
  headers: {
    host: "127.0.0.1:8005",
    accept: "application/json, application/json",
    "content-type": "application/json, application/json",
    "user-agent": "GuzzleHttp/7",
    "content-length": "14",
  },
  cookie: {},
  query: {},
  route: "/presencas/verificar-presenca",
}
